[INFO] 2025-06-25 04:04:37 UTC (2025-06-24 21:04:37 PT) - Starting nightly FINS data download
[INFO] 2025-06-25 04:04:37 UTC (2025-06-24 21:04:37 PT) - API key found
[INFO] 2025-06-25 04:04:37 UTC (2025-06-24 21:04:37 PT) - Current PT time: 2025-06-24 21:04:37
[INFO] 2025-06-25 04:04:37 UTC (2025-06-24 21:04:37 PT) - Requesting ALL historical trapping data through 06/25/2025 for NPT GRSME Program only
[INFO] 2025-06-25 04:05:53 UTC (2025-06-24 21:05:53 PT) - Downloaded 30343 rows of data
[INFO] 2025-06-25 04:05:53 UTC (2025-06-24 21:05:53 PT) - Columns: Finalize, Verify, Follow-Up, Trapped Date, Is Import, Facility, Trap, Trap Is Offsite, Trapping Session Name, Target Species, Target Run, Trapping Session Comments, Fish ID, Count, Species, Run, Sex, Origin, Origin Expression, Origin Description, Origin Start Date, Origin End Date, Origin Creator, Origin Creation Date, Living Status, Length, Age Designation, Age Calculated, Age Criteria Start Length, Age Criteria End Length, Age Criteria Start Date, Age Criteria End Date, Moved To Facility, Moved To, Moved To Location Type, Moved To Is Offsite, Offsite Owner Facility, Offsite Location Latitude, Offsite Location Longitude, Offsite Location Description, Disposition, Release Site, Release Site Latitude, Release Site Longitude, Purpose, Existing Marks, Existing Marks Quantity, Applied Marks, Applied Marks Quantity, Existing Tags, Applied Tags, Existing CWT, Existing CWT Value, Applied CWT, Applied CWT Value, Existing PIT, Applied PIT, Samples, Conditions, Recap, Injected, Weight, Notes, Group Notes, Import Custom
[INFO] 2025-06-25 04:05:53 UTC (2025-06-24 21:05:53 PT) - Successfully saved file: data/TrappingData.csv - Size: 17187906 bytes
[INFO] 2025-06-25 04:05:53 UTC (2025-06-24 21:05:53 PT) - Data summary:
[INFO] 2025-06-25 04:05:53 UTC (2025-06-24 21:05:53 PT) -   Date range: 1/29/2020 to 9/9/2024
[INFO] 2025-06-25 04:05:53 UTC (2025-06-24 21:05:53 PT) -   Total records: 30343
[INFO] 2025-06-25 04:05:53 UTC (2025-06-24 21:05:53 PT) - Download completed successfully
[INFO] 2025-06-26 03:38:20 UTC (2025-06-25 20:38:20 PT) - Starting nightly FINS data download
[INFO] 2025-06-26 03:38:20 UTC (2025-06-25 20:38:20 PT) - API key found
[INFO] 2025-06-26 03:38:20 UTC (2025-06-25 20:38:20 PT) - Current PT time: 2025-06-25 20:38:20
[INFO] 2025-06-26 03:38:20 UTC (2025-06-25 20:38:20 PT) - Requesting ALL historical trapping data through 06/26/2025 for all of our FINS facilities
[INFO] 2025-06-26 03:38:59 UTC (2025-06-25 20:38:59 PT) - Downloaded 30436 rows of data
[INFO] 2025-06-26 03:38:59 UTC (2025-06-25 20:38:59 PT) - Columns: Finalize, Verify, Follow-Up, Trapped Date, Is Import, Facility, Trap, Trap Is Offsite, Trapping Session Name, Target Species, Target Run, Trapping Session Comments, Fish ID, Count, Species, Run, Sex, Origin, Origin Expression, Origin Description, Origin Start Date, Origin End Date, Origin Creator, Origin Creation Date, Living Status, Length, Age Designation, Age Calculated, Age Criteria Start Length, Age Criteria End Length, Age Criteria Start Date, Age Criteria End Date, Moved To Facility, Moved To, Moved To Location Type, Moved To Is Offsite, Offsite Owner Facility, Offsite Location Latitude, Offsite Location Longitude, Offsite Location Description, Disposition, Release Site, Release Site Latitude, Release Site Longitude, Purpose, Existing Marks, Existing Marks Quantity, Applied Marks, Applied Marks Quantity, Existing Tags, Applied Tags, Existing CWT, Existing CWT Value, Applied CWT, Applied CWT Value, Existing PIT, Applied PIT, Samples, Conditions, Recap, Injected, Weight, Notes, Group Notes, Import Custom
[INFO] 2025-06-26 03:38:59 UTC (2025-06-25 20:38:59 PT) - Successfully saved file: data/TrappingData.csv - Size: 17245411 bytes
[INFO] 2025-06-26 03:38:59 UTC (2025-06-25 20:38:59 PT) - Data summary:
[INFO] 2025-06-26 03:38:59 UTC (2025-06-25 20:38:59 PT) -   Date range: 1/29/2020 to 9/9/2024
[INFO] 2025-06-26 03:38:59 UTC (2025-06-25 20:38:59 PT) -   Total records: 30436
[INFO] 2025-06-26 03:38:59 UTC (2025-06-25 20:38:59 PT) - Download completed successfully
[INFO] 2025-06-27 03:38:40 UTC (2025-06-26 20:38:40 PT) - Starting nightly FINS data download
[INFO] 2025-06-27 03:38:40 UTC (2025-06-26 20:38:40 PT) - API key found
[INFO] 2025-06-27 03:38:40 UTC (2025-06-26 20:38:40 PT) - Current PT time: 2025-06-26 20:38:40
[INFO] 2025-06-27 03:38:40 UTC (2025-06-26 20:38:40 PT) - Requesting ALL historical trapping data through 06/27/2025 for all of our FINS facilities
[INFO] 2025-06-27 03:39:21 UTC (2025-06-26 20:39:21 PT) - Downloaded 30502 rows of data
[INFO] 2025-06-27 03:39:21 UTC (2025-06-26 20:39:21 PT) - Columns: Finalize, Verify, Follow-Up, Trapped Date, Is Import, Facility, Trap, Trap Is Offsite, Trapping Session Name, Target Species, Target Run, Trapping Session Comments, Fish ID, Count, Species, Run, Sex, Origin, Origin Expression, Origin Description, Origin Start Date, Origin End Date, Origin Creator, Origin Creation Date, Living Status, Length, Age Designation, Age Calculated, Age Criteria Start Length, Age Criteria End Length, Age Criteria Start Date, Age Criteria End Date, Moved To Facility, Moved To, Moved To Location Type, Moved To Is Offsite, Offsite Owner Facility, Offsite Location Latitude, Offsite Location Longitude, Offsite Location Description, Disposition, Release Site, Release Site Latitude, Release Site Longitude, Purpose, Existing Marks, Existing Marks Quantity, Applied Marks, Applied Marks Quantity, Existing Tags, Applied Tags, Existing CWT, Existing CWT Value, Applied CWT, Applied CWT Value, Existing PIT, Applied PIT, Samples, Conditions, Recap, Injected, Weight, Notes, Group Notes, Import Custom
[INFO] 2025-06-27 03:39:21 UTC (2025-06-26 20:39:21 PT) - Successfully saved file: data/TrappingData.csv - Size: 17284402 bytes
[INFO] 2025-06-27 03:39:21 UTC (2025-06-26 20:39:21 PT) - Data summary:
[INFO] 2025-06-27 03:39:21 UTC (2025-06-26 20:39:21 PT) -   Date range: 1/29/2020 to 9/9/2024
[INFO] 2025-06-27 03:39:21 UTC (2025-06-26 20:39:21 PT) -   Total records: 30502
[INFO] 2025-06-27 03:39:21 UTC (2025-06-26 20:39:21 PT) - Download completed successfully
[INFO] 2025-06-28 03:33:21 UTC (2025-06-27 20:33:21 PT) - Starting nightly FINS data download
[INFO] 2025-06-28 03:33:21 UTC (2025-06-27 20:33:21 PT) - API key found
[INFO] 2025-06-28 03:33:21 UTC (2025-06-27 20:33:21 PT) - Current PT time: 2025-06-27 20:33:21
[INFO] 2025-06-28 03:33:21 UTC (2025-06-27 20:33:21 PT) - Requesting ALL historical trapping data through 06/28/2025 for all of our FINS facilities
[INFO] 2025-06-28 03:34:16 UTC (2025-06-27 20:34:16 PT) - Downloaded 30502 rows of data
[INFO] 2025-06-28 03:34:16 UTC (2025-06-27 20:34:16 PT) - Columns: Finalize, Verify, Follow-Up, Trapped Date, Is Import, Facility, Trap, Trap Is Offsite, Trapping Session Name, Target Species, Target Run, Trapping Session Comments, Fish ID, Count, Species, Run, Sex, Origin, Origin Expression, Origin Description, Origin Start Date, Origin End Date, Origin Creator, Origin Creation Date, Living Status, Length, Age Designation, Age Calculated, Age Criteria Start Length, Age Criteria End Length, Age Criteria Start Date, Age Criteria End Date, Moved To Facility, Moved To, Moved To Location Type, Moved To Is Offsite, Offsite Owner Facility, Offsite Location Latitude, Offsite Location Longitude, Offsite Location Description, Disposition, Release Site, Release Site Latitude, Release Site Longitude, Purpose, Existing Marks, Existing Marks Quantity, Applied Marks, Applied Marks Quantity, Existing Tags, Applied Tags, Existing CWT, Existing CWT Value, Applied CWT, Applied CWT Value, Existing PIT, Applied PIT, Samples, Conditions, Recap, Injected, Weight, Notes, Group Notes, Import Custom
[INFO] 2025-06-28 03:34:16 UTC (2025-06-27 20:34:16 PT) - Successfully saved file: data/TrappingData.csv - Size: 17284402 bytes
[INFO] 2025-06-28 03:34:16 UTC (2025-06-27 20:34:16 PT) - Data summary:
[INFO] 2025-06-28 03:34:16 UTC (2025-06-27 20:34:16 PT) -   Date range: 1/29/2020 to 9/9/2024
[INFO] 2025-06-28 03:34:16 UTC (2025-06-27 20:34:16 PT) -   Total records: 30502
[INFO] 2025-06-28 03:34:16 UTC (2025-06-27 20:34:16 PT) - Download completed successfully
[INFO] 2025-06-29 03:45:36 UTC (2025-06-28 20:45:36 PT) - Starting nightly FINS data download
[INFO] 2025-06-29 03:45:36 UTC (2025-06-28 20:45:36 PT) - API key found
[INFO] 2025-06-29 03:45:36 UTC (2025-06-28 20:45:36 PT) - Current PT time: 2025-06-28 20:45:36
[INFO] 2025-06-29 03:45:36 UTC (2025-06-28 20:45:36 PT) - Requesting ALL historical trapping data through 06/29/2025 for all of our FINS facilities
[INFO] 2025-06-29 03:46:21 UTC (2025-06-28 20:46:21 PT) - Downloaded 30533 rows of data
[INFO] 2025-06-29 03:46:21 UTC (2025-06-28 20:46:21 PT) - Columns: Finalize, Verify, Follow-Up, Trapped Date, Is Import, Facility, Trap, Trap Is Offsite, Trapping Session Name, Target Species, Target Run, Trapping Session Comments, Fish ID, Count, Species, Run, Sex, Origin, Origin Expression, Origin Description, Origin Start Date, Origin End Date, Origin Creator, Origin Creation Date, Living Status, Length, Age Designation, Age Calculated, Age Criteria Start Length, Age Criteria End Length, Age Criteria Start Date, Age Criteria End Date, Moved To Facility, Moved To, Moved To Location Type, Moved To Is Offsite, Offsite Owner Facility, Offsite Location Latitude, Offsite Location Longitude, Offsite Location Description, Disposition, Release Site, Release Site Latitude, Release Site Longitude, Purpose, Existing Marks, Existing Marks Quantity, Applied Marks, Applied Marks Quantity, Existing Tags, Applied Tags, Existing CWT, Existing CWT Value, Applied CWT, Applied CWT Value, Existing PIT, Applied PIT, Samples, Conditions, Recap, Injected, Weight, Notes, Group Notes, Import Custom
[INFO] 2025-06-29 03:46:21 UTC (2025-06-28 20:46:21 PT) - Successfully saved file: data/TrappingData.csv - Size: 17303414 bytes
[INFO] 2025-06-29 03:46:21 UTC (2025-06-28 20:46:21 PT) - Data summary:
[INFO] 2025-06-29 03:46:21 UTC (2025-06-28 20:46:21 PT) -   Date range: 1/29/2020 to 9/9/2024
[INFO] 2025-06-29 03:46:21 UTC (2025-06-28 20:46:21 PT) -   Total records: 30533
[INFO] 2025-06-29 03:46:21 UTC (2025-06-28 20:46:21 PT) - Download completed successfully
[INFO] 2025-06-30 03:44:09 UTC (2025-06-29 20:44:09 PT) - Starting nightly FINS data download
[INFO] 2025-06-30 03:44:09 UTC (2025-06-29 20:44:09 PT) - API key found
[INFO] 2025-06-30 03:44:09 UTC (2025-06-29 20:44:09 PT) - Current PT time: 2025-06-29 20:44:09
[INFO] 2025-06-30 03:44:09 UTC (2025-06-29 20:44:09 PT) - Requesting ALL historical trapping data through 06/30/2025 for all of our FINS facilities
[INFO] 2025-06-30 03:44:57 UTC (2025-06-29 20:44:57 PT) - Downloaded 30533 rows of data
[INFO] 2025-06-30 03:44:57 UTC (2025-06-29 20:44:57 PT) - Columns: Finalize, Verify, Follow-Up, Trapped Date, Is Import, Facility, Trap, Trap Is Offsite, Trapping Session Name, Target Species, Target Run, Trapping Session Comments, Fish ID, Count, Species, Run, Sex, Origin, Origin Expression, Origin Description, Origin Start Date, Origin End Date, Origin Creator, Origin Creation Date, Living Status, Length, Age Designation, Age Calculated, Age Criteria Start Length, Age Criteria End Length, Age Criteria Start Date, Age Criteria End Date, Moved To Facility, Moved To, Moved To Location Type, Moved To Is Offsite, Offsite Owner Facility, Offsite Location Latitude, Offsite Location Longitude, Offsite Location Description, Disposition, Release Site, Release Site Latitude, Release Site Longitude, Purpose, Existing Marks, Existing Marks Quantity, Applied Marks, Applied Marks Quantity, Existing Tags, Applied Tags, Existing CWT, Existing CWT Value, Applied CWT, Applied CWT Value, Existing PIT, Applied PIT, Samples, Conditions, Recap, Injected, Weight, Notes, Group Notes, Import Custom
[INFO] 2025-06-30 03:44:57 UTC (2025-06-29 20:44:57 PT) - Successfully saved file: data/TrappingData.csv - Size: 17303414 bytes
[INFO] 2025-06-30 03:44:57 UTC (2025-06-29 20:44:57 PT) - Data summary:
[INFO] 2025-06-30 03:44:57 UTC (2025-06-29 20:44:57 PT) -   Date range: 1/29/2020 to 9/9/2024
[INFO] 2025-06-30 03:44:57 UTC (2025-06-29 20:44:57 PT) -   Total records: 30533
[INFO] 2025-06-30 03:44:57 UTC (2025-06-29 20:44:57 PT) - Download completed successfully
[INFO] 2025-07-01 03:49:26 UTC (2025-06-30 20:49:26 PT) - Starting nightly FINS data download
[INFO] 2025-07-01 03:49:26 UTC (2025-06-30 20:49:26 PT) - API key found
[INFO] 2025-07-01 03:49:26 UTC (2025-06-30 20:49:26 PT) - Current PT time: 2025-06-30 20:49:26
[INFO] 2025-07-01 03:49:26 UTC (2025-06-30 20:49:26 PT) - Requesting ALL historical trapping data through 07/01/2025 for all of our FINS facilities
[INFO] 2025-07-01 03:50:09 UTC (2025-06-30 20:50:09 PT) - Downloaded 30533 rows of data
[INFO] 2025-07-01 03:50:09 UTC (2025-06-30 20:50:09 PT) - Columns: Finalize, Verify, Follow-Up, Trapped Date, Is Import, Facility, Trap, Trap Is Offsite, Trapping Session Name, Target Species, Target Run, Trapping Session Comments, Fish ID, Count, Species, Run, Sex, Origin, Origin Expression, Origin Description, Origin Start Date, Origin End Date, Origin Creator, Origin Creation Date, Living Status, Length, Age Designation, Age Calculated, Age Criteria Start Length, Age Criteria End Length, Age Criteria Start Date, Age Criteria End Date, Moved To Facility, Moved To, Moved To Location Type, Moved To Is Offsite, Offsite Owner Facility, Offsite Location Latitude, Offsite Location Longitude, Offsite Location Description, Disposition, Release Site, Release Site Latitude, Release Site Longitude, Purpose, Existing Marks, Existing Marks Quantity, Applied Marks, Applied Marks Quantity, Existing Tags, Applied Tags, Existing CWT, Existing CWT Value, Applied CWT, Applied CWT Value, Existing PIT, Applied PIT, Samples, Conditions, Recap, Injected, Weight, Notes, Group Notes, Import Custom
[INFO] 2025-07-01 03:50:09 UTC (2025-06-30 20:50:09 PT) - Successfully saved file: data/TrappingData.csv - Size: 17303414 bytes
[INFO] 2025-07-01 03:50:09 UTC (2025-06-30 20:50:09 PT) - Data summary:
[INFO] 2025-07-01 03:50:09 UTC (2025-06-30 20:50:09 PT) -   Date range: 1/29/2020 to 9/9/2024
[INFO] 2025-07-01 03:50:09 UTC (2025-06-30 20:50:09 PT) -   Total records: 30533
[INFO] 2025-07-01 03:50:09 UTC (2025-06-30 20:50:09 PT) - Download completed successfully
[INFO] 2025-07-02 03:39:19 UTC (2025-07-01 20:39:19 PT) - Starting nightly FINS data download
[INFO] 2025-07-02 03:39:19 UTC (2025-07-01 20:39:19 PT) - API key found
[INFO] 2025-07-02 03:39:19 UTC (2025-07-01 20:39:19 PT) - Current PT time: 2025-07-01 20:39:19
[INFO] 2025-07-02 03:39:19 UTC (2025-07-01 20:39:19 PT) - Requesting ALL historical trapping data through 07/02/2025 for all of our FINS facilities
[INFO] 2025-07-02 03:40:06 UTC (2025-07-01 20:40:06 PT) - Downloaded 30622 rows of data
[INFO] 2025-07-02 03:40:06 UTC (2025-07-01 20:40:06 PT) - Columns: Finalize, Verify, Follow-Up, Trapped Date, Is Import, Facility, Trap, Trap Is Offsite, Trapping Session Name, Target Species, Target Run, Trapping Session Comments, Fish ID, Count, Species, Run, Sex, Origin, Origin Expression, Origin Description, Origin Start Date, Origin End Date, Origin Creator, Origin Creation Date, Living Status, Length, Age Designation, Age Calculated, Age Criteria Start Length, Age Criteria End Length, Age Criteria Start Date, Age Criteria End Date, Moved To Facility, Moved To, Moved To Location Type, Moved To Is Offsite, Offsite Owner Facility, Offsite Location Latitude, Offsite Location Longitude, Offsite Location Description, Disposition, Release Site, Release Site Latitude, Release Site Longitude, Purpose, Existing Marks, Existing Marks Quantity, Applied Marks, Applied Marks Quantity, Existing Tags, Applied Tags, Existing CWT, Existing CWT Value, Applied CWT, Applied CWT Value, Existing PIT, Applied PIT, Samples, Conditions, Recap, Injected, Weight, Notes, Group Notes, Import Custom
[INFO] 2025-07-02 03:40:06 UTC (2025-07-01 20:40:06 PT) - Successfully saved file: data/TrappingData.csv - Size: 17352303 bytes
[INFO] 2025-07-02 03:40:06 UTC (2025-07-01 20:40:06 PT) - Data summary:
[INFO] 2025-07-02 03:40:06 UTC (2025-07-01 20:40:06 PT) -   Date range: 1/29/2020 to 9/9/2024
[INFO] 2025-07-02 03:40:06 UTC (2025-07-01 20:40:06 PT) -   Total records: 30622
[INFO] 2025-07-02 03:40:06 UTC (2025-07-01 20:40:06 PT) - Download completed successfully
[INFO] 2025-07-03 03:39:10 UTC (2025-07-02 20:39:10 PT) - Starting nightly FINS data download
[INFO] 2025-07-03 03:39:10 UTC (2025-07-02 20:39:10 PT) - API key found
[INFO] 2025-07-03 03:39:10 UTC (2025-07-02 20:39:10 PT) - Current PT time: 2025-07-02 20:39:10
[INFO] 2025-07-03 03:39:10 UTC (2025-07-02 20:39:10 PT) - Requesting ALL historical trapping data through 07/03/2025 for all of our FINS facilities
[INFO] 2025-07-03 03:39:51 UTC (2025-07-02 20:39:51 PT) - Downloaded 30621 rows of data
[INFO] 2025-07-03 03:39:51 UTC (2025-07-02 20:39:51 PT) - Columns: Finalize, Verify, Follow-Up, Trapped Date, Is Import, Facility, Trap, Trap Is Offsite, Trapping Session Name, Target Species, Target Run, Trapping Session Comments, Fish ID, Count, Species, Run, Sex, Origin, Origin Expression, Origin Description, Origin Start Date, Origin End Date, Origin Creator, Origin Creation Date, Living Status, Length, Age Designation, Age Calculated, Age Criteria Start Length, Age Criteria End Length, Age Criteria Start Date, Age Criteria End Date, Moved To Facility, Moved To, Moved To Location Type, Moved To Is Offsite, Offsite Owner Facility, Offsite Location Latitude, Offsite Location Longitude, Offsite Location Description, Disposition, Release Site, Release Site Latitude, Release Site Longitude, Purpose, Existing Marks, Existing Marks Quantity, Applied Marks, Applied Marks Quantity, Existing Tags, Applied Tags, Existing CWT, Existing CWT Value, Applied CWT, Applied CWT Value, Existing PIT, Applied PIT, Samples, Conditions, Recap, Injected, Weight, Notes, Group Notes, Import Custom
[INFO] 2025-07-03 03:39:51 UTC (2025-07-02 20:39:51 PT) - Successfully saved file: data/TrappingData.csv - Size: 17351752 bytes
[INFO] 2025-07-03 03:39:51 UTC (2025-07-02 20:39:51 PT) - Data summary:
[INFO] 2025-07-03 03:39:51 UTC (2025-07-02 20:39:51 PT) -   Date range: 1/29/2020 to 9/9/2024
[INFO] 2025-07-03 03:39:51 UTC (2025-07-02 20:39:51 PT) -   Total records: 30621
[INFO] 2025-07-03 03:39:51 UTC (2025-07-02 20:39:51 PT) - Download completed successfully
[INFO] 2025-07-04 03:35:14 UTC (2025-07-03 20:35:14 PT) - Starting nightly FINS data download
[INFO] 2025-07-04 03:35:14 UTC (2025-07-03 20:35:14 PT) - API key found
[INFO] 2025-07-04 03:35:14 UTC (2025-07-03 20:35:14 PT) - Current PT time: 2025-07-03 20:35:14
[INFO] 2025-07-04 03:35:14 UTC (2025-07-03 20:35:14 PT) - Requesting ALL historical trapping data through 07/04/2025 for all of our FINS facilities
[INFO] 2025-07-04 03:35:54 UTC (2025-07-03 20:35:54 PT) - Downloaded 30621 rows of data
[INFO] 2025-07-04 03:35:54 UTC (2025-07-03 20:35:54 PT) - Columns: Finalize, Verify, Follow-Up, Trapped Date, Is Import, Facility, Trap, Trap Is Offsite, Trapping Session Name, Target Species, Target Run, Trapping Session Comments, Fish ID, Count, Species, Run, Sex, Origin, Origin Expression, Origin Description, Origin Start Date, Origin End Date, Origin Creator, Origin Creation Date, Living Status, Length, Age Designation, Age Calculated, Age Criteria Start Length, Age Criteria End Length, Age Criteria Start Date, Age Criteria End Date, Moved To Facility, Moved To, Moved To Location Type, Moved To Is Offsite, Offsite Owner Facility, Offsite Location Latitude, Offsite Location Longitude, Offsite Location Description, Disposition, Release Site, Release Site Latitude, Release Site Longitude, Purpose, Existing Marks, Existing Marks Quantity, Applied Marks, Applied Marks Quantity, Existing Tags, Applied Tags, Existing CWT, Existing CWT Value, Applied CWT, Applied CWT Value, Existing PIT, Applied PIT, Samples, Conditions, Recap, Injected, Weight, Notes, Group Notes, Import Custom
[INFO] 2025-07-04 03:35:54 UTC (2025-07-03 20:35:54 PT) - Successfully saved file: data/TrappingData.csv - Size: 17351752 bytes
[INFO] 2025-07-04 03:35:54 UTC (2025-07-03 20:35:54 PT) - Data summary:
[INFO] 2025-07-04 03:35:54 UTC (2025-07-03 20:35:54 PT) -   Date range: 03/13/2000 to 06/30/2025
[INFO] 2025-07-04 03:35:54 UTC (2025-07-03 20:35:54 PT) -   Total records: 30621
[INFO] 2025-07-04 03:35:54 UTC (2025-07-03 20:35:54 PT) - Download completed successfully
[INFO] 2025-07-05 03:31:01 UTC (2025-07-04 20:31:01 PT) - Starting nightly FINS data download
[INFO] 2025-07-05 03:31:01 UTC (2025-07-04 20:31:01 PT) - API key found
[INFO] 2025-07-05 03:31:01 UTC (2025-07-04 20:31:01 PT) - Current PT time: 2025-07-04 20:31:01
[INFO] 2025-07-05 03:31:01 UTC (2025-07-04 20:31:01 PT) - Requesting ALL historical trapping data through 07/05/2025 for all of our FINS facilities
[INFO] 2025-07-05 03:31:43 UTC (2025-07-04 20:31:43 PT) - Downloaded 30621 rows of data
[INFO] 2025-07-05 03:31:43 UTC (2025-07-04 20:31:43 PT) - Columns: Finalize, Verify, Follow-Up, Trapped Date, Is Import, Facility, Trap, Trap Is Offsite, Trapping Session Name, Target Species, Target Run, Trapping Session Comments, Fish ID, Count, Species, Run, Sex, Origin, Origin Expression, Origin Description, Origin Start Date, Origin End Date, Origin Creator, Origin Creation Date, Living Status, Length, Age Designation, Age Calculated, Age Criteria Start Length, Age Criteria End Length, Age Criteria Start Date, Age Criteria End Date, Moved To Facility, Moved To, Moved To Location Type, Moved To Is Offsite, Offsite Owner Facility, Offsite Location Latitude, Offsite Location Longitude, Offsite Location Description, Disposition, Release Site, Release Site Latitude, Release Site Longitude, Purpose, Existing Marks, Existing Marks Quantity, Applied Marks, Applied Marks Quantity, Existing Tags, Applied Tags, Existing CWT, Existing CWT Value, Applied CWT, Applied CWT Value, Existing PIT, Applied PIT, Samples, Conditions, Recap, Injected, Weight, Notes, Group Notes, Import Custom
[INFO] 2025-07-05 03:31:44 UTC (2025-07-04 20:31:44 PT) - Successfully saved file: data/TrappingData.csv - Size: 17351752 bytes
[INFO] 2025-07-05 03:31:44 UTC (2025-07-04 20:31:44 PT) - Data summary:
[INFO] 2025-07-05 03:31:44 UTC (2025-07-04 20:31:44 PT) -   Date range: 03/13/2000 to 06/30/2025
[INFO] 2025-07-05 03:31:44 UTC (2025-07-04 20:31:44 PT) -   Total records: 30621
[INFO] 2025-07-05 03:31:44 UTC (2025-07-04 20:31:44 PT) - Download completed successfully
